<?xml version="1.0" encoding="UTF-8"?>
<!-- Generated by org.testng.reporters.JUnitReportReporter -->
<testsuite skipped="0" hostname="DESKTOP-KFO17RS" name="com.ip.crmpagefactory.TestBase" tests="1" failures="0" timestamp="14 Dec 2020 20:55:56 GMT" time="3.254" errors="0">
  <testcase name="googleSearch" time="3.254" classname="com.ip.crmpagefactory.TestBase"/>
</testsuite> <!-- com.ip.crmpagefactory.TestBase -->
